2023-02-09 17:48:46,371 - INFO: ATOMClassifier.__init__()
2023-02-09 17:48:46,377 - INFO: << ================== ATOM ================== >>
2023-02-09 17:48:46,435 - INFO: Algorithm task: multiclass classification.
2023-02-09 17:48:46,436 - INFO: Parallel processing with 2 cores.
2023-02-09 17:48:46,437 - INFO: 
2023-02-09 17:48:46,437 - INFO: System info ====================== >>
2023-02-09 17:48:46,437 - INFO: Machine: AMD64
2023-02-09 17:48:46,438 - INFO: OS: Windows-10-10.0.19045-SP0
2023-02-09 17:48:46,438 - INFO: Python version: 3.9.13
2023-02-09 17:48:46,440 - INFO: Python build: ('tags/v3.9.13:6de2ca5', 'May 17 2022 16:36:42')
2023-02-09 17:48:46,440 - INFO: ATOM version: 5.0.1
2023-02-09 17:48:46,441 - INFO: 
2023-02-09 17:48:46,441 - INFO: 
2023-02-09 17:48:46,441 - INFO: ATOMClassifier.stats()
2023-02-09 17:48:46,442 - INFO: Dataset stats ==================== >>
2023-02-09 17:48:46,442 - INFO: Shape: (135, 1034)
2023-02-09 17:48:46,580 - INFO: Memory: 1.12 MB
2023-02-09 17:48:47,228 - INFO: Scaled: False
2023-02-09 17:48:47,230 - INFO: Outlier values: 1955 (1.8%)
2023-02-09 17:48:47,230 - INFO: -------------------------------------
2023-02-09 17:48:47,233 - INFO: Train set size: 108
2023-02-09 17:48:47,235 - INFO: Test set size: 27
2023-02-09 17:48:47,235 - INFO: -------------------------------------
2023-02-09 17:48:47,244 - INFO: |    |   dataset |     train |      test |
2023-02-09 17:48:47,244 - INFO: | -- | --------- | --------- | --------- |
2023-02-09 17:48:47,245 - INFO: | 0  |   6 (1.2) |   5 (1.2) |   1 (1.0) |
2023-02-09 17:48:47,245 - INFO: | 1  |   5 (1.0) |   4 (1.0) |   1 (1.0) |
2023-02-09 17:48:47,246 - INFO: | 2  |   6 (1.2) |   5 (1.2) |   1 (1.0) |
2023-02-09 17:48:47,246 - INFO: | 3  |   6 (1.2) |   5 (1.2) |   1 (1.0) |
2023-02-09 17:48:47,247 - INFO: | 4  |   6 (1.2) |   5 (1.2) |   1 (1.0) |
2023-02-09 17:48:47,247 - INFO: | 5  |   6 (1.2) |   5 (1.2) |   1 (1.0) |
2023-02-09 17:48:47,248 - INFO: | 6  |   6 (1.2) |   5 (1.2) |   1 (1.0) |
2023-02-09 17:48:47,250 - INFO: | 7  |   6 (1.2) |   4 (1.0) |   2 (2.0) |
2023-02-09 17:48:47,251 - INFO: | 8  |   6 (1.2) |   4 (1.0) |   2 (2.0) |
2023-02-09 17:48:47,252 - INFO: | 9  |   6 (1.2) |   5 (1.2) |   1 (1.0) |
2023-02-09 17:48:47,252 - INFO: | 10 |   6 (1.2) |   5 (1.2) |   1 (1.0) |
2023-02-09 17:48:47,253 - INFO: | 11 |   6 (1.2) |   5 (1.2) |   1 (1.0) |
2023-02-09 17:48:47,253 - INFO: | 12 |   6 (1.2) |   5 (1.2) |   1 (1.0) |
2023-02-09 17:48:47,253 - INFO: | 13 |   5 (1.0) |   4 (1.0) |   1 (1.0) |
2023-02-09 17:48:47,254 - INFO: | 14 |   6 (1.2) |   5 (1.2) |   1 (1.0) |
2023-02-09 17:48:47,254 - INFO: | 15 |   6 (1.2) |   5 (1.2) |   1 (1.0) |
2023-02-09 17:48:47,254 - INFO: | 16 |   6 (1.2) |   4 (1.0) |   2 (2.0) |
2023-02-09 17:48:47,255 - INFO: | 17 |   5 (1.0) |   4 (1.0) |   1 (1.0) |
2023-02-09 17:48:47,255 - INFO: | 18 |   6 (1.2) |   5 (1.2) |   1 (1.0) |
2023-02-09 17:48:47,256 - INFO: | 19 |   6 (1.2) |   4 (1.0) |   2 (2.0) |
2023-02-09 17:48:47,256 - INFO: | 20 |   6 (1.2) |   5 (1.2) |   1 (1.0) |
2023-02-09 17:48:47,256 - INFO: | 21 |   6 (1.2) |   5 (1.2) |   1 (1.0) |
2023-02-09 17:48:47,257 - INFO: | 22 |   6 (1.2) |   5 (1.2) |   1 (1.0) |
2023-02-09 17:48:47,257 - INFO: 
2023-02-09 17:48:55,523 - INFO: 
2023-02-09 17:48:55,524 - INFO: ATOMClassifier.feature_selection()
2023-02-09 17:48:55,535 - INFO: 
2023-02-09 17:48:55,536 - INFO: FeatureSelector.fit()
2023-02-09 17:48:55,544 - INFO: Fitting FeatureSelector...
2023-02-09 17:49:16,042 - INFO: 
2023-02-09 17:49:16,042 - INFO: FeatureSelector.transform()
2023-02-09 17:49:16,047 - INFO: Performing feature selection ...
2023-02-09 17:49:16,047 - INFO:  --> Feature k__Bacteria; p__Actinobacteria; c__Actinobacteria; o__Actinomycetales; f__Micrococcaceae; g__; s__.3 was removed due to collinearity with another feature.
2023-02-09 17:49:16,051 - INFO:  --> Feature k__Bacteria; p__Actinobacteria; c__Actinobacteria; o__Actinomycetales; f__Actinomycetaceae; g__Actinomyces; s__ was removed due to collinearity with another feature.
2023-02-09 17:49:16,053 - INFO:  --> Feature k__Bacteria; p__Firmicutes; c__Clostridia; o__Clostridiales; f__[Mogibacteriaceae]; g__Anaerovorax; s__.1 was removed due to collinearity with another feature.
2023-02-09 17:49:16,056 - INFO:  --> Feature k__Bacteria; p__Bacteroidetes; c__Bacteroidia; o__Bacteroidales; f__[Paraprevotellaceae]; g__[Prevotella]; s__.11 was removed due to collinearity with another feature.
2023-02-09 17:49:16,058 - INFO:  --> Feature k__Bacteria; p__Bacteroidetes; c__Bacteroidia; o__Bacteroidales; f__Bacteroidaceae; g__Bacteroides; s__fragilis.1 was removed due to collinearity with another feature.
2023-02-09 17:49:16,060 - INFO:  --> Feature k__Bacteria; p__Bacteroidetes; c__Flavobacteriia; o__Flavobacteriales; f__[Weeksellaceae]; g__Chryseobacterium; s__.4 was removed due to collinearity with another feature.
2023-02-09 17:49:16,062 - INFO:  --> Feature k__Bacteria; p__Firmicutes; c__Bacilli; o__Lactobacillales; f__Enterococcaceae; g__Enterococcus; s__ was removed due to collinearity with another feature.
2023-02-09 17:49:16,066 - INFO:  --> Feature k__Bacteria; p__Firmicutes; c__Erysipelotrichi; o__Erysipelotrichales; f__Erysipelotrichaceae; g__; s__.5 was removed due to collinearity with another feature.
2023-02-09 17:49:16,070 - INFO:  --> Feature k__Bacteria; p__Actinobacteria; c__Actinobacteria; o__Actinomycetales; f__Micrococcaceae; g__Rothia; s__mucilaginosa.1 was removed due to collinearity with another feature.
2023-02-09 17:49:16,073 - INFO:  --> Feature k__Bacteria; p__Firmicutes; c__Clostridia; o__Clostridiales; f__; g__; s__ was removed due to collinearity with another feature.
2023-02-09 17:49:16,076 - INFO:  --> Feature k__Bacteria; p__Firmicutes; c__Clostridia; o__Clostridiales; f__Lachnospiraceae; g__Coprococcus; s__ was removed due to collinearity with another feature.
2023-02-09 17:49:16,079 - INFO:  --> Feature k__Bacteria; p__Firmicutes; c__Clostridia; o__Clostridiales; f__; g__; s__.3 was removed due to collinearity with another feature.
2023-02-09 17:49:16,082 - INFO:  --> Feature k__Bacteria; p__Firmicutes; c__Clostridia; o__Clostridiales; f__Lachnospiraceae; g__Dorea; s__.1 was removed due to collinearity with another feature.
2023-02-09 17:49:16,084 - INFO:  --> Feature k__Bacteria; p__Firmicutes; c__Clostridia; o__Clostridiales; f__Lachnospiraceae; g__; s__.3 was removed due to collinearity with another feature.
2023-02-09 17:49:16,086 - INFO:  --> Feature k__Bacteria; p__Firmicutes; c__Clostridia; o__Clostridiales; f__Christensenellaceae; g__; s__ was removed due to collinearity with another feature.
2023-02-09 17:49:16,089 - INFO:  --> Feature k__Bacteria; p__Firmicutes; c__Clostridia; o__Clostridiales; f__Lachnospiraceae; g__; s__.7 was removed due to collinearity with another feature.
2023-02-09 17:49:16,091 - INFO:  --> Feature k__Bacteria; p__Firmicutes; c__Clostridia; o__Clostridiales; f__Lachnospiraceae; g__; s__.9 was removed due to collinearity with another feature.
2023-02-09 17:49:16,093 - INFO:  --> Feature k__Bacteria; p__Firmicutes; c__Clostridia; o__Clostridiales; f__Ruminococcaceae; g__; s__.9 was removed due to collinearity with another feature.
2023-02-09 17:49:16,095 - INFO:  --> Feature k__Bacteria; p__Firmicutes; c__Clostridia; o__Clostridiales; f__Lachnospiraceae; g__; s__.12 was removed due to collinearity with another feature.
2023-02-09 17:49:16,099 - INFO:  --> Feature k__Bacteria; p__Firmicutes; c__Clostridia; o__Clostridiales; f__Lachnospiraceae; g__; s__.14 was removed due to collinearity with another feature.
2023-02-09 17:49:16,101 - INFO:  --> Feature k__Bacteria; p__Bacteroidetes; c__Bacteroidia; o__Bacteroidales; f__Porphyromonadaceae; g__Porphyromonas; s__.18 was removed due to collinearity with another feature.
2023-02-09 17:49:16,103 - INFO:  --> Feature k__Bacteria; p__Proteobacteria; c__Alphaproteobacteria; o__Sphingomonadales; f__Sphingomonadaceae; g__; s__.4 was removed due to collinearity with another feature.
2023-02-09 17:49:16,104 - INFO:  --> Feature k__Bacteria; p__Bacteroidetes; c__Bacteroidia; o__Bacteroidales; f__Prevotellaceae; g__Prevotella; s__.13 was removed due to collinearity with another feature.
2023-02-09 17:49:16,106 - INFO:  --> Feature k__Bacteria; p__Firmicutes; c__Clostridia; o__Clostridiales; f__Ruminococcaceae; g__; s__.8 was removed due to collinearity with another feature.
2023-02-09 17:49:16,108 - INFO:  --> Feature k__Bacteria; p__Bacteroidetes; c__Bacteroidia; o__Bacteroidales; f__[Paraprevotellaceae]; g__[Prevotella]; s__.7 was removed due to collinearity with another feature.
2023-02-09 17:49:16,110 - INFO:  --> Feature k__Bacteria; p__Firmicutes; c__Clostridia; o__Clostridiales; f__; g__; s__.10 was removed due to collinearity with another feature.
2023-02-09 17:49:16,113 - INFO:  --> Feature k__Bacteria; p__Firmicutes; c__Clostridia; o__Clostridiales; f__Ruminococcaceae; g__; s__.15 was removed due to collinearity with another feature.
2023-02-09 17:49:16,117 - INFO:  --> Feature k__Bacteria; p__Firmicutes; c__Clostridia; o__Clostridiales; f__Lachnospiraceae; g__Roseburia; s__.4 was removed due to collinearity with another feature.
2023-02-09 17:49:16,119 - INFO:  --> Feature k__Bacteria; p__Actinobacteria; c__Actinobacteria; o__Actinomycetales; f__Nocardiaceae; g__Rhodococcus; s__ was removed due to collinearity with another feature.
2023-02-09 17:49:16,121 - INFO:  --> Feature k__Bacteria; p__Actinobacteria; c__Actinobacteria; o__Actinomycetales; f__Nocardioidaceae; g__; s__.7 was removed due to collinearity with another feature.
2023-02-09 17:49:16,123 - INFO:  --> Feature k__Bacteria; p__Actinobacteria; c__Actinobacteria; o__Actinomycetales; f__Microbacteriaceae; g__; s__.2 was removed due to collinearity with another feature.
2023-02-09 17:49:16,125 - INFO:  --> Feature k__Bacteria; p__Proteobacteria; c__Alphaproteobacteria; o__Rhizobiales; f__Hyphomicrobiaceae; g__Devosia; s__.2 was removed due to collinearity with another feature.
2023-02-09 17:49:16,127 - INFO:  --> Feature k__Bacteria; p__Proteobacteria; c__Betaproteobacteria; o__Burkholderiales; f__Comamonadaceae; g__; s__.6 was removed due to collinearity with another feature.
2023-02-09 17:49:16,129 - INFO:  --> Feature k__Bacteria; p__Bacteroidetes; c__Bacteroidia; o__Bacteroidales; f__Porphyromonadaceae; g__Porphyromonas; s__.13 was removed due to collinearity with another feature.
2023-02-09 17:49:16,134 - INFO:  --> Feature k__Bacteria; p__Firmicutes; c__Bacilli; o__Gemellales; f__Gemellaceae; g__; s__.2 was removed due to collinearity with another feature.
2023-02-09 17:49:16,136 - INFO:  --> Feature k__Bacteria; p__Actinobacteria; c__Actinobacteria; o__Actinomycetales; f__Nocardioidaceae; g__Aeromicrobium; s__ was removed due to collinearity with another feature.
2023-02-09 17:49:16,138 - INFO:  --> Feature k__Bacteria; p__Bacteroidetes; c__Cytophagia; o__Cytophagales; f__Cytophagaceae; g__Hymenobacter; s__.1 was removed due to collinearity with another feature.
2023-02-09 17:49:16,140 - INFO:  --> Feature k__Bacteria; p__Proteobacteria; c__Alphaproteobacteria; o__Sphingomonadales; f__Sphingomonadaceae; g__Kaistobacter; s__.7 was removed due to collinearity with another feature.
2023-02-09 17:49:16,142 - INFO:  --> Feature k__Bacteria; p__Proteobacteria; c__Alphaproteobacteria; o__Rhizobiales; f__Hyphomicrobiaceae; g__Devosia; s__.1 was removed due to collinearity with another feature.
2023-02-09 17:49:16,144 - INFO:  --> Feature k__Bacteria; p__Fusobacteria; c__Fusobacteriia; o__Fusobacteriales; f__Fusobacteriaceae; g__Fusobacterium; s__ was removed due to collinearity with another feature.
2023-02-09 17:49:16,146 - INFO:  --> Feature k__Bacteria; p__Actinobacteria; c__Actinobacteria; o__Actinomycetales; f__Pseudonocardiaceae; g__Pseudonocardia; s__ was removed due to collinearity with another feature.
2023-02-09 17:49:16,150 - INFO:  --> Feature k__Bacteria; p__Actinobacteria; c__Thermoleophilia; o__Solirubrobacterales; f__; g__; s__.1 was removed due to collinearity with another feature.
2023-02-09 17:49:16,152 - INFO:  --> Feature k__Bacteria; p__Proteobacteria; c__Alphaproteobacteria; o__Rhizobiales; f__Methylobacteriaceae; g__Methylobacterium; s__ was removed due to collinearity with another feature.
2023-02-09 17:49:16,154 - INFO:  --> Feature k__Bacteria; p__Actinobacteria; c__Actinobacteria; o__Actinomycetales; f__Microbacteriaceae; g__Pseudoclavibacter; s__helvolus was removed due to collinearity with another feature.
2023-02-09 17:49:16,156 - INFO:  --> Feature k__Bacteria; p__Actinobacteria; c__Actinobacteria; o__Actinomycetales; f__Microbacteriaceae; g__Microbacterium; s__.4 was removed due to collinearity with another feature.
2023-02-09 17:49:16,158 - INFO:  --> Feature k__Bacteria; p__Proteobacteria; c__Alphaproteobacteria; o__Rhodobacterales; f__Rhodobacteraceae; g__Rhodobacter; s__ was removed due to collinearity with another feature.
2023-02-09 17:49:16,160 - INFO:  --> Feature k__Bacteria; p__Proteobacteria; c__Epsilonproteobacteria; o__Campylobacterales; f__Campylobacteraceae; g__Campylobacter; s__ureolyticus was removed due to collinearity with another feature.
2023-02-09 17:49:16,162 - INFO:  --> Feature k__Bacteria; p__Bacteroidetes; c__[Saprospirae]; o__[Saprospirales]; f__Chitinophagaceae; g__Sediminibacterium; s__ was removed due to collinearity with another feature.
2023-02-09 17:49:16,165 - INFO:  --> Feature k__Bacteria; p__Firmicutes; c__Clostridia; o__Clostridiales; f__Peptostreptococcaceae; g__; s__.1 was removed due to collinearity with another feature.
2023-02-09 17:49:16,168 - INFO:  --> Feature k__Bacteria; p__Bacteroidetes; c__Bacteroidia; o__Bacteroidales; f__[Paraprevotellaceae]; g__[Prevotella]; s__.2 was removed due to collinearity with another feature.
2023-02-09 17:49:16,170 - INFO:  --> Feature k__Bacteria; p__Proteobacteria; c__Gammaproteobacteria; o__Pasteurellales; f__Pasteurellaceae; g__Pasteurella; s__ was removed due to collinearity with another feature.
2023-02-09 17:49:16,173 - INFO:  --> Feature k__Bacteria; p__Proteobacteria; c__Gammaproteobacteria; o__Pasteurellales; f__Pasteurellaceae; g__Pasteurella; s__.1 was removed due to collinearity with another feature.
2023-02-09 17:49:16,176 - INFO:  --> Feature k__Bacteria; p__Actinobacteria; c__Actinobacteria; o__Actinomycetales; f__Microbacteriaceae; g__; s__.6 was removed due to collinearity with another feature.
2023-02-09 17:49:16,178 - INFO:  --> Feature k__Bacteria; p__Proteobacteria; c__Alphaproteobacteria; o__Sphingomonadales; f__Sphingomonadaceae; g__Sphingomonas; s__wittichii.3 was removed due to collinearity with another feature.
2023-02-09 17:49:16,181 - INFO:  --> Feature k__Bacteria; p__Bacteroidetes; c__Bacteroidia; o__Bacteroidales; f__Bacteroidaceae; g__Bacteroides; s__.19 was removed due to collinearity with another feature.
2023-02-09 17:49:16,184 - INFO:  --> Feature k__Bacteria; p__Firmicutes; c__Bacilli; o__Lactobacillales; f__Streptococcaceae; g__Streptococcus; s__.41 was removed due to collinearity with another feature.
2023-02-09 17:49:16,186 - INFO:  --> Feature k__Bacteria; p__Proteobacteria; c__Gammaproteobacteria; o__Pseudomonadales; f__Moraxellaceae; g__; s__.1 was removed due to collinearity with another feature.
2023-02-09 17:49:16,188 - INFO:  --> Feature k__Bacteria; p__Firmicutes; c__Clostridia; o__Clostridiales; f__[Tissierellaceae]; g__Anaerococcus; s__.2 was removed due to collinearity with another feature.
2023-02-09 17:49:16,190 - INFO:  --> Feature k__Bacteria; p__Actinobacteria; c__Actinobacteria; o__Actinomycetales; f__Corynebacteriaceae; g__Corynebacterium; s__.25 was removed due to collinearity with another feature.
2023-02-09 17:49:16,192 - INFO:  --> Feature k__Bacteria; p__Actinobacteria; c__Actinobacteria; o__Actinomycetales; f__Corynebacteriaceae; g__Corynebacterium; s__.28 was removed due to collinearity with another feature.
2023-02-09 17:49:16,195 - INFO:  --> Feature k__Bacteria; p__Firmicutes; c__Clostridia; o__Clostridiales; f__[Tissierellaceae]; g__1-68; s__ was removed due to collinearity with another feature.
2023-02-09 17:49:16,198 - INFO:  --> Feature k__Bacteria; p__Bacteroidetes; c__Cytophagia; o__Cytophagales; f__Cytophagaceae; g__Hymenobacter; s__ was removed due to collinearity with another feature.
2023-02-09 17:49:16,201 - INFO:  --> Feature k__Bacteria; p__Proteobacteria; c__Alphaproteobacteria; o__Sphingomonadales; f__Sphingomonadaceae; g__Kaistobacter; s__.3 was removed due to collinearity with another feature.
2023-02-09 17:49:16,203 - INFO:  --> Feature k__Bacteria; p__Firmicutes; c__Clostridia; o__Clostridiales; f__[Tissierellaceae]; g__Peptoniphilus; s__.8 was removed due to collinearity with another feature.
2023-02-09 17:49:16,205 - INFO:  --> Feature k__Bacteria; p__Firmicutes; c__Clostridia; o__Clostridiales; f__Lachnospiraceae; g__Coprococcus; s__.1 was removed due to collinearity with another feature.
2023-02-09 17:49:16,207 - INFO:  --> Feature k__Bacteria; p__Firmicutes; c__Clostridia; o__Clostridiales; f__Clostridiaceae; g__SMB53; s__ was removed due to collinearity with another feature.
2023-02-09 17:49:16,209 - INFO:  --> Feature k__Bacteria; p__Firmicutes; c__Bacilli; o__Lactobacillales; f__Streptococcaceae; g__Streptococcus; s__.39 was removed due to collinearity with another feature.
2023-02-09 17:49:16,212 - INFO:  --> Feature k__Bacteria; p__Bacteroidetes; c__Bacteroidia; o__Bacteroidales; f__Porphyromonadaceae; g__Parabacteroides; s__distasonis was removed due to collinearity with another feature.
2023-02-09 17:49:16,215 - INFO:  --> Feature k__Bacteria; p__Bacteroidetes; c__Bacteroidia; o__Bacteroidales; f__Bacteroidaceae; g__Bacteroides; s__.29 was removed due to collinearity with another feature.
2023-02-09 17:49:16,218 - INFO:  --> Feature k__Bacteria; p__Bacteroidetes; c__Bacteroidia; o__Bacteroidales; f__Bacteroidaceae; g__Bacteroides; s__.35 was removed due to collinearity with another feature.
2023-02-09 17:49:16,220 - INFO:  --> Feature k__Bacteria; p__Bacteroidetes; c__Bacteroidia; o__Bacteroidales; f__Bacteroidaceae; g__Bacteroides; s__.41 was removed due to collinearity with another feature.
2023-02-09 17:49:16,222 - INFO:  --> Feature k__Bacteria; p__Bacteroidetes; c__Bacteroidia; o__Bacteroidales; f__Bacteroidaceae; g__Bacteroides; s__.43 was removed due to collinearity with another feature.
2023-02-09 17:49:16,224 - INFO:  --> Feature k__Bacteria; p__Proteobacteria; c__Alphaproteobacteria; o__Sphingomonadales; f__Sphingomonadaceae; g__; s__.18 was removed due to collinearity with another feature.
2023-02-09 17:49:16,226 - INFO:  --> Feature k__Bacteria; p__Bacteroidetes; c__Bacteroidia; o__Bacteroidales; f__Bacteroidaceae; g__Bacteroides; s__.52 was removed due to collinearity with another feature.
2023-02-09 17:49:16,227 - INFO:  --> Feature k__Bacteria; p__Proteobacteria; c__Gammaproteobacteria; o__Pseudomonadales; f__Pseudomonadaceae; g__Pseudomonas; s__viridiflava was removed due to collinearity with another feature.
2023-02-09 17:49:16,229 - INFO:  --> Feature k__Bacteria; p__Proteobacteria; c__Epsilonproteobacteria; o__Campylobacterales; f__Campylobacteraceae; g__Campylobacter; s__.2 was removed due to collinearity with another feature.
2023-02-09 17:49:16,232 - INFO:  --> Feature k__Bacteria; p__Firmicutes; c__Bacilli; o__Lactobacillales; f__Streptococcaceae; g__Streptococcus; s__anginosus was removed due to collinearity with another feature.
2023-02-09 17:49:16,234 - INFO:  --> Feature k__Bacteria; p__Proteobacteria; c__Betaproteobacteria; o__Neisseriales; f__Neisseriaceae; g__Kingella; s__denitrificans was removed due to collinearity with another feature.
2023-02-09 17:49:16,236 - INFO:  --> Feature k__Bacteria; p__Proteobacteria; c__Alphaproteobacteria; o__Rhizobiales; f__Rhizobiaceae; g__Agrobacterium; s__.1 was removed due to collinearity with another feature.
2023-02-09 17:49:16,237 - INFO:  --> Feature k__Bacteria; p__Proteobacteria; c__Alphaproteobacteria; o__Rhizobiales; f__Methylobacteriaceae; g__; s__ was removed due to collinearity with another feature.
2023-02-09 17:49:16,239 - INFO:  --> Feature k__Bacteria; p__Actinobacteria; c__Actinobacteria; o__Actinomycetales; f__Actinomycetaceae; g__Actinomyces; s__.5 was removed due to collinearity with another feature.
2023-02-09 17:49:16,241 - INFO:  --> Feature k__Bacteria; p__Actinobacteria; c__Actinobacteria; o__Actinomycetales; f__Actinomycetaceae; g__Actinomyces; s__.11 was removed due to collinearity with another feature.
2023-02-09 17:49:16,243 - INFO:  --> Feature k__Bacteria; p__Bacteroidetes; c__Bacteroidia; o__Bacteroidales; f__Bacteroidaceae; g__Bacteroides; s__uniformis was removed due to collinearity with another feature.
2023-02-09 17:49:16,244 - INFO:  --> Feature k__Bacteria; p__Firmicutes; c__Clostridia; o__Clostridiales; f__Lachnospiraceae; g__Roseburia; s__.3 was removed due to collinearity with another feature.
2023-02-09 17:49:16,246 - INFO:  --> Feature k__Bacteria; p__Firmicutes; c__Clostridia; o__Clostridiales; f__Lachnospiraceae; g__; s__.8 was removed due to collinearity with another feature.
2023-02-09 17:49:16,249 - INFO:  --> Feature k__Bacteria; p__Firmicutes; c__Clostridia; o__Clostridiales; f__Ruminococcaceae; g__Faecalibacterium; s__prausnitzii.7 was removed due to collinearity with another feature.
2023-02-09 17:49:16,251 - INFO:  --> Feature k__Bacteria; p__Bacteroidetes; c__Bacteroidia; o__Bacteroidales; f__Bacteroidaceae; g__Bacteroides; s__ovatus.2 was removed due to collinearity with another feature.
2023-02-09 17:49:16,252 - INFO:  --> Feature k__Bacteria; p__Firmicutes; c__Clostridia; o__Clostridiales; f__Lachnospiraceae; g__Blautia; s__.4 was removed due to collinearity with another feature.
2023-02-09 17:49:16,254 - INFO:  --> Feature k__Bacteria; p__Bacteroidetes; c__Bacteroidia; o__Bacteroidales; f__Bacteroidaceae; g__Bacteroides; s__.48 was removed due to collinearity with another feature.
2023-02-09 17:49:16,255 - INFO:  --> Feature k__Bacteria; p__Firmicutes; c__Clostridia; o__Clostridiales; f__Clostridiaceae; g__; s__.4 was removed due to collinearity with another feature.
2023-02-09 17:49:16,257 - INFO:  --> Feature k__Bacteria; p__Firmicutes; c__Clostridia; o__Clostridiales; f__Veillonellaceae; g__Selenomonas; s__ was removed due to collinearity with another feature.
2023-02-09 17:49:16,259 - INFO:  --> Feature k__Bacteria; p__Tenericutes; c__Mollicutes; o__Anaeroplasmatales; f__Anaeroplasmataceae; g__gut; s__metagenome was removed due to collinearity with another feature.
2023-02-09 17:49:16,261 - INFO:  --> Feature k__Bacteria; p__Actinobacteria; c__Actinobacteria; o__Actinomycetales; f__Intrasporangiaceae; g__Knoellia; s__subterranea was removed due to collinearity with another feature.
2023-02-09 17:49:16,263 - INFO:  --> Feature k__Bacteria; p__Bacteroidetes; c__Bacteroidia; o__Bacteroidales; f__Prevotellaceae; g__Prevotella; s__.10 was removed due to collinearity with another feature.
2023-02-09 17:49:16,267 - INFO:  --> Feature k__Bacteria; p__[Thermi]; c__Deinococci; o__Deinococcales; f__Deinococcaceae; g__Deinococcus; s__.1 was removed due to collinearity with another feature.
2023-02-09 17:49:16,270 - INFO:  --> Feature k__Bacteria; p__Bacteroidetes; c__Bacteroidia; o__Bacteroidales; f__Prevotellaceae; g__Prevotella; s__.16 was removed due to collinearity with another feature.
2023-02-09 17:49:16,272 - INFO:  --> Feature k__Bacteria; p__Bacteroidetes; c__Bacteroidia; o__Bacteroidales; f__Porphyromonadaceae; g__Paludibacter; s__.1 was removed due to collinearity with another feature.
2023-02-09 17:49:16,274 - INFO:  --> Feature k__Bacteria; p__Proteobacteria; c__Alphaproteobacteria; o__Sphingomonadales; f__Sphingomonadaceae; g__Sphingomonas; s__.2 was removed due to collinearity with another feature.
2023-02-09 17:49:16,276 - INFO:  --> Feature k__Bacteria; p__Firmicutes; c__Clostridia; o__Clostridiales; f__Veillonellaceae; g__Dialister; s__ was removed due to collinearity with another feature.
2023-02-09 17:49:16,277 - INFO:  --> Feature k__Bacteria; p__Proteobacteria; c__Alphaproteobacteria; o__Sphingomonadales; f__Sphingomonadaceae; g__Sphingobium; s__.6 was removed due to collinearity with another feature.
2023-02-09 17:49:16,279 - INFO:  --> Feature k__Bacteria; p__Bacteroidetes; c__Bacteroidia; o__Bacteroidales; f__Prevotellaceae; g__Prevotella; s__copri.10 was removed due to collinearity with another feature.
2023-02-09 17:49:16,282 - INFO:  --> Feature k__Bacteria; p__Actinobacteria; c__Actinobacteria; o__Actinomycetales; f__Nocardioidaceae; g__; s__.5 was removed due to collinearity with another feature.
2023-02-09 17:49:16,309 - INFO:  --> Feature k__Bacteria; p__Proteobacteria; c__Betaproteobacteria; o__Burkholderiales; f__Comamonadaceae; g__; s__.5 was removed due to collinearity with another feature.
2023-02-09 17:49:16,310 - INFO:  --> Feature k__Bacteria; p__Proteobacteria; c__Alphaproteobacteria; o__Rhizobiales; f__; g__; s__.3 was removed due to collinearity with another feature.
2023-02-09 17:49:16,312 - INFO:  --> Feature k__Bacteria; p__Firmicutes; c__Clostridia; o__Clostridiales; f__Lachnospiraceae; g__Lachnospira; s__.1 was removed due to collinearity with another feature.
2023-02-09 17:49:16,314 - INFO:  --> Feature k__Bacteria; p__Bacteroidetes; c__Bacteroidia; o__Bacteroidales; f__Porphyromonadaceae; g__Parabacteroides; s__distasonis.1 was removed due to collinearity with another feature.
2023-02-09 17:49:16,316 - INFO:  --> Feature k__Bacteria; p__Firmicutes; c__Clostridia; o__Clostridiales; f__Ruminococcaceae; g__Faecalibacterium; s__prausnitzii.8 was removed due to collinearity with another feature.
2023-02-09 17:49:16,318 - INFO:  --> Feature k__Bacteria; p__Actinobacteria; c__Actinobacteria; o__Actinomycetales; f__Geodermatophilaceae; g__; s__ was removed due to collinearity with another feature.
2023-02-09 17:49:16,320 - INFO:  --> Feature k__Bacteria; p__Bacteroidetes; c__Bacteroidia; o__Bacteroidales; f__Prevotellaceae; g__Prevotella; s__.18 was removed due to collinearity with another feature.
2023-02-09 17:49:16,322 - INFO:  --> Feature k__Bacteria; p__Firmicutes; c__Clostridia; o__Clostridiales; f__[Mogibacteriaceae]; g__Anaerovorax; s__ was removed due to collinearity with another feature.
2023-02-09 17:49:16,324 - INFO:  --> Feature k__Bacteria; p__[Thermi]; c__Deinococci; o__Deinococcales; f__Deinococcaceae; g__Deinococcus; s__aquatilis was removed due to collinearity with another feature.
2023-02-09 17:49:16,326 - INFO:  --> Feature k__Bacteria; p__Actinobacteria; c__Actinobacteria; o__Actinomycetales; f__Mycobacteriaceae; g__Mycobacterium; s__.2 was removed due to collinearity with another feature.
2023-02-09 17:49:16,328 - INFO:  --> Feature k__Bacteria; p__Actinobacteria; c__Actinobacteria; o__Actinomycetales; f__Intrasporangiaceae; g__Janibacter; s__ was removed due to collinearity with another feature.
2023-02-09 17:49:16,331 - INFO:  --> Feature k__Bacteria; p__Firmicutes; c__Clostridia; o__Clostridiales; f__Lachnospiraceae; g__; s__.11 was removed due to collinearity with another feature.
2023-02-09 17:49:16,333 - INFO:  --> Feature k__Bacteria; p__Bacteroidetes; c__Bacteroidia; o__Bacteroidales; f__Rikenellaceae; g__; s__ was removed due to collinearity with another feature.
2023-02-09 17:49:16,335 - INFO:  --> Feature k__Bacteria; p__Actinobacteria; c__Actinobacteria; o__Actinomycetales; f__Intrasporangiaceae; g__Phycicoccus; s__ was removed due to collinearity with another feature.
2023-02-09 17:49:16,337 - INFO:  --> Feature k__Bacteria; p__Firmicutes; c__Clostridia; o__Clostridiales; f__Peptostreptococcaceae; g__Filifactor; s__ was removed due to collinearity with another feature.
2023-02-09 17:49:16,339 - INFO:  --> Feature k__Bacteria; p__Actinobacteria; c__Actinobacteria; o__Actinomycetales; f__Cellulomonadaceae; g__Cellulomonas; s__ was removed due to collinearity with another feature.
2023-02-09 17:49:16,341 - INFO:  --> Feature k__Bacteria; p__Fusobacteria; c__Fusobacteriia; o__Fusobacteriales; f__Fusobacteriaceae; g__Fusobacterium; s__.8 was removed due to collinearity with another feature.
2023-02-09 17:49:16,345 - INFO:  --> Feature k__Bacteria; p__Actinobacteria; c__Actinobacteria; o__Actinomycetales; f__Corynebacteriaceae; g__Corynebacterium; s__.18 was removed due to collinearity with another feature.
2023-02-09 17:49:16,350 - INFO:  --> Feature k__Bacteria; p__Proteobacteria; c__Gammaproteobacteria; o__Pseudomonadales; f__Pseudomonadaceae; g__; s__.3 was removed due to collinearity with another feature.
2023-02-09 17:49:16,354 - INFO:  --> Feature k__Bacteria; p__Firmicutes; c__Erysipelotrichi; o__Erysipelotrichales; f__Erysipelotrichaceae; g__[Eubacterium]; s__biforme was removed due to collinearity with another feature.
2023-02-09 17:49:16,357 - INFO:  --> Feature k__Bacteria; p__Actinobacteria; c__Actinobacteria; o__Actinomycetales; f__Cellulomonadaceae; g__Cellulomonas; s__xylanilytica was removed due to collinearity with another feature.
2023-02-09 17:49:16,361 - INFO:  --> Feature k__Bacteria; p__Proteobacteria; c__Gammaproteobacteria; o__Pasteurellales; f__Pasteurellaceae; g__Aggregatibacter; s__ was removed due to collinearity with another feature.
2023-02-09 17:49:16,362 - INFO:  --> Feature k__Bacteria; p__Bacteroidetes; c__Flavobacteriia; o__Flavobacteriales; f__[Weeksellaceae]; g__Chryseobacterium; s__.6 was removed due to collinearity with another feature.
2023-02-09 17:49:16,366 - INFO:  --> Feature k__Bacteria; p__Actinobacteria; c__Rubrobacteria; o__Rubrobacterales; f__Rubrobacteraceae; g__Rubrobacter; s__ was removed due to collinearity with another feature.
2023-02-09 17:49:16,369 - INFO:  --> Feature k__Bacteria; p__Proteobacteria; c__Gammaproteobacteria; o__Pseudomonadales; f__Pseudomonadaceae; g__Pseudomonas; s__.5 was removed due to collinearity with another feature.
2023-02-09 17:49:16,371 - INFO:  --> Feature k__Bacteria; p__Firmicutes; c__Clostridia; o__Clostridiales; f__; g__; s__.14 was removed due to collinearity with another feature.
2023-02-09 17:49:16,373 - INFO:  --> Feature k__Bacteria; p__Bacteroidetes; c__Bacteroidia; o__Bacteroidales; f__Bacteroidaceae; g__Bacteroides; s__uniformis.1 was removed due to collinearity with another feature.
2023-02-09 17:49:16,374 - INFO:  --> Feature k__Bacteria; p__Firmicutes; c__Clostridia; o__Clostridiales; f__Clostridiaceae; g__; s__.3 was removed due to collinearity with another feature.
2023-02-09 17:49:16,376 - INFO:  --> Feature k__Bacteria; p__Bacteroidetes; c__Flavobacteriia; o__Flavobacteriales; f__[Weeksellaceae]; g__Chryseobacterium; s__.8 was removed due to collinearity with another feature.
2023-02-09 17:49:16,377 - INFO:  --> Feature k__Bacteria; p__Firmicutes; c__Bacilli; o__Lactobacillales; f__Streptococcaceae; g__Streptococcus; s__.27 was removed due to collinearity with another feature.
2023-02-09 17:49:16,379 - INFO:  --> Feature k__Bacteria; p__Bacteroidetes; c__Bacteroidia; o__Bacteroidales; f__Prevotellaceae; g__Prevotella; s__.22 was removed due to collinearity with another feature.
2023-02-09 17:49:16,384 - INFO:  --> Feature k__Bacteria; p__[Thermi]; c__Deinococci; o__Deinococcales; f__Deinococcaceae; g__Deinococcus; s__.3 was removed due to collinearity with another feature.
2023-02-09 17:49:16,385 - INFO:  --> Feature k__Bacteria; p__Firmicutes; c__Erysipelotrichi; o__Erysipelotrichales; f__Erysipelotrichaceae; g__; s__.3 was removed due to collinearity with another feature.
2023-02-09 17:49:16,387 - INFO:  --> Feature k__Bacteria; p__Proteobacteria; c__Deltaproteobacteria; o__Desulfovibrionales; f__Desulfovibrionaceae; g__Bilophila; s__ was removed due to collinearity with another feature.
2023-02-09 17:49:16,389 - INFO:  --> Feature k__Bacteria; p__Firmicutes; c__Clostridia; o__Clostridiales; f__Lachnospiraceae; g__[Ruminococcus]; s__torques was removed due to collinearity with another feature.
2023-02-09 17:49:16,391 - INFO:  --> Feature k__Bacteria; p__Actinobacteria; c__Actinobacteria; o__Actinomycetales; f__Microbacteriaceae; g__Leucobacter; s__ was removed due to collinearity with another feature.
2023-02-09 17:49:16,393 - INFO:  --> Feature k__Bacteria; p__Actinobacteria; c__Actinobacteria; o__Actinomycetales; f__Micrococcaceae; g__Arthrobacter; s__.6 was removed due to collinearity with another feature.
2023-02-09 17:49:16,394 - INFO:  --> Feature k__Bacteria; p__Firmicutes; c__Bacilli; o__Lactobacillales; f__Streptococcaceae; g__Streptococcus; s__.22 was removed due to collinearity with another feature.
2023-02-09 17:49:16,396 - INFO:  --> Feature k__Bacteria; p__Firmicutes; c__Clostridia; o__Clostridiales; f__Veillonellaceae; g__Veillonella; s__dispar.5 was removed due to collinearity with another feature.
2023-02-09 17:49:16,400 - INFO:  --> Feature k__Bacteria; p__Bacteroidetes; c__Bacteroidia; o__Bacteroidales; f__Prevotellaceae; g__Prevotella; s__.19 was removed due to collinearity with another feature.
2023-02-09 17:49:16,402 - INFO:  --> Feature k__Bacteria; p__Fusobacteria; c__Fusobacteriia; o__Fusobacteriales; f__Leptotrichiaceae; g__; s__.1 was removed due to collinearity with another feature.
2023-02-09 17:49:16,404 - INFO:  --> Feature k__Bacteria; p__Firmicutes; c__Clostridia; o__Clostridiales; f__Lachnospiraceae; g__; s__.17 was removed due to collinearity with another feature.
2023-02-09 17:49:16,405 - INFO:  --> Feature k__Bacteria; p__Firmicutes; c__Erysipelotrichi; o__Erysipelotrichales; f__Erysipelotrichaceae; g__; s__.4 was removed due to collinearity with another feature.
2023-02-09 17:49:16,408 - INFO:  --> Feature k__Bacteria; p__Firmicutes; c__Bacilli; o__Lactobacillales; f__Streptococcaceae; g__Streptococcus; s__.37 was removed due to collinearity with another feature.
2023-02-09 17:49:16,409 - INFO:  --> Feature k__Bacteria; p__Proteobacteria; c__Betaproteobacteria; o__Neisseriales; f__Neisseriaceae; g__Eikenella; s__ was removed due to collinearity with another feature.
2023-02-09 17:49:16,411 - INFO:  --> Feature k__Bacteria; p__Actinobacteria; c__Actinobacteria; o__Actinomycetales; f__Micrococcaceae; g__Citricoccus; s__ was removed due to collinearity with another feature.
2023-02-09 17:49:16,412 - INFO:  --> Feature k__Bacteria; p__Firmicutes; c__Clostridia; o__Clostridiales; f__Veillonellaceae; g__Dialister; s__.3 was removed due to collinearity with another feature.
2023-02-09 17:49:16,416 - INFO:  --> Feature k__Bacteria; p__Proteobacteria; c__Alphaproteobacteria; o__Sphingomonadales; f__Sphingomonadaceae; g__Sphingomonas; s__.13 was removed due to collinearity with another feature.
2023-02-09 17:49:16,419 - INFO:  --> Feature k__Bacteria; p__Proteobacteria; c__Alphaproteobacteria; o__Rickettsiales; f__mitochondria; g__Lupinus; s__luteus was removed due to collinearity with another feature.
2023-02-09 17:49:16,420 - INFO:  --> rfecv selected 882 features from the dataset.
2023-02-09 17:50:40,457 - INFO: 
2023-02-09 17:50:40,458 - INFO: ATOMClassifier.impute()
2023-02-09 17:50:40,471 - INFO: 
2023-02-09 17:50:40,471 - INFO: Imputer.fit()
2023-02-09 17:50:40,478 - INFO: Fitting Imputer...
2023-02-09 17:50:45,766 - INFO: 
2023-02-09 17:50:45,766 - INFO: Imputer.transform()
2023-02-09 17:50:45,771 - INFO: Imputing missing values...
2023-02-09 17:50:45,973 - INFO: 
2023-02-09 17:50:45,973 - INFO: ATOMClassifier.encode()
2023-02-09 17:50:45,983 - INFO: 
2023-02-09 17:50:45,984 - INFO: Encoder.fit()
2023-02-09 17:50:45,986 - INFO: Fitting Encoder...
2023-02-09 17:50:45,992 - INFO: 
2023-02-09 17:50:45,992 - INFO: Encoder.transform()
2023-02-09 17:50:45,994 - INFO: Encoding categorical columns...
2023-02-09 17:51:44,331 - INFO: 
2023-02-09 17:51:44,332 - INFO: ATOMClassifier.run()
2023-02-09 17:51:45,077 - INFO: 
2023-02-09 17:51:45,080 - INFO: DirectClassifier.run()
2023-02-09 17:51:45,087 - INFO: 
2023-02-09 17:51:45,088 - INFO: Training ========================= >>
2023-02-09 17:51:45,088 - INFO: Models: RF, AdaB
2023-02-09 17:51:45,089 - INFO: Metric: roc_auc
2023-02-09 17:51:45,089 - INFO: 
2023-02-09 17:51:45,090 - INFO: 
2023-02-09 17:51:45,090 - INFO: 
2023-02-09 17:51:45,090 - INFO: RandomForest.hyperparameter_tuning()
2023-02-09 17:51:45,091 - INFO: Running hyperparameter tuning for RandomForest...
2023-02-09 17:51:45,121 - INFO: | trial | n_estimators | criterion | max_depth | min_samples_split | min_samples_leaf | max_features | bootstrap | max_samples | ccp_alpha | roc_auc | best_roc_auc | time_trial | time_ht |    state |
2023-02-09 17:51:45,122 - INFO: | ----- | ------------ | --------- | --------- | ----------------- | ---------------- | ------------ | --------- | ----------- | --------- | ------- | ------------ | ---------- | ------- | -------- |
2023-02-09 17:51:45,137 - ERROR: Exception encountered:
Traceback (most recent call last):
  File "c:\Users\Romina\Documents\Data Science\1.PROJECTS\2.MicroBiome\venv_MicroBiome\lib\site-packages\atom\utils.py", line 2531, in wrapper
    return f(*args, **kwargs)
  File "c:\Users\Romina\Documents\Data Science\1.PROJECTS\2.MicroBiome\venv_MicroBiome\lib\site-packages\atom\utils.py", line 2559, in wrapper
    return f(*args, **kwargs)
  File "c:\Users\Romina\Documents\Data Science\1.PROJECTS\2.MicroBiome\venv_MicroBiome\lib\site-packages\typeguard\__init__.py", line 1033, in wrapper
    retval = func(*args, **kwargs)
  File "c:\Users\Romina\Documents\Data Science\1.PROJECTS\2.MicroBiome\venv_MicroBiome\lib\site-packages\atom\basemodel.py", line 731, in hyperparameter_tuning
    self._study.optimize(
  File "c:\Users\Romina\Documents\Data Science\1.PROJECTS\2.MicroBiome\venv_MicroBiome\lib\site-packages\optuna\study\study.py", line 425, in optimize
    _optimize(
  File "c:\Users\Romina\Documents\Data Science\1.PROJECTS\2.MicroBiome\venv_MicroBiome\lib\site-packages\optuna\study\_optimize.py", line 66, in _optimize
    _optimize_sequential(
  File "c:\Users\Romina\Documents\Data Science\1.PROJECTS\2.MicroBiome\venv_MicroBiome\lib\site-packages\optuna\study\_optimize.py", line 163, in _optimize_sequential
    frozen_trial = _run_trial(study, func, catch)
  File "c:\Users\Romina\Documents\Data Science\1.PROJECTS\2.MicroBiome\venv_MicroBiome\lib\site-packages\optuna\study\_optimize.py", line 251, in _run_trial
    raise func_err
  File "c:\Users\Romina\Documents\Data Science\1.PROJECTS\2.MicroBiome\venv_MicroBiome\lib\site-packages\optuna\study\_optimize.py", line 200, in _run_trial
    value_or_values = func(trial)
  File "c:\Users\Romina\Documents\Data Science\1.PROJECTS\2.MicroBiome\venv_MicroBiome\lib\site-packages\atom\basemodel.py", line 609, in objective
    score = fit_model(*next(fold.split(og.X_train, og.y_train)))
  File "c:\Users\Romina\Documents\Data Science\1.PROJECTS\2.MicroBiome\venv_MicroBiome\lib\site-packages\sklearn\model_selection\_split.py", line 1622, in split
    for train, test in self._iter_indices(X, y, groups):
  File "c:\Users\Romina\Documents\Data Science\1.PROJECTS\2.MicroBiome\venv_MicroBiome\lib\site-packages\sklearn\model_selection\_split.py", line 1981, in _iter_indices
    raise ValueError(
ValueError: The test_size = 22 should be greater or equal to the number of classes = 23
2023-02-09 17:51:45,174 - INFO: 
2023-02-09 17:51:45,174 - INFO: Exception encountered while running the RF model. Removing model from pipeline. 
2023-02-09 17:51:45,176 - INFO:   File "c:\Users\Romina\Documents\Data Science\1.PROJECTS\2.MicroBiome\venv_MicroBiome\lib\site-packages\atom\basetrainer.py", line 302, in _core_iteration
2023-02-09 17:51:45,177 - INFO:     m.hyperparameter_tuning(self._n_trials[m._group])
2023-02-09 17:51:45,177 - INFO:   File "c:\Users\Romina\Documents\Data Science\1.PROJECTS\2.MicroBiome\venv_MicroBiome\lib\site-packages\atom\utils.py", line 2539, in wrapper
2023-02-09 17:51:45,177 - INFO:     raise ex
2023-02-09 17:51:45,177 - INFO:   File "c:\Users\Romina\Documents\Data Science\1.PROJECTS\2.MicroBiome\venv_MicroBiome\lib\site-packages\atom\utils.py", line 2531, in wrapper
2023-02-09 17:51:45,177 - INFO:     return f(*args, **kwargs)
2023-02-09 17:51:45,177 - INFO:   File "c:\Users\Romina\Documents\Data Science\1.PROJECTS\2.MicroBiome\venv_MicroBiome\lib\site-packages\atom\utils.py", line 2559, in wrapper
2023-02-09 17:51:45,178 - INFO:     return f(*args, **kwargs)
2023-02-09 17:51:45,178 - INFO:   File "c:\Users\Romina\Documents\Data Science\1.PROJECTS\2.MicroBiome\venv_MicroBiome\lib\site-packages\typeguard\__init__.py", line 1033, in wrapper
2023-02-09 17:51:45,178 - INFO:     retval = func(*args, **kwargs)
2023-02-09 17:51:45,178 - INFO:   File "c:\Users\Romina\Documents\Data Science\1.PROJECTS\2.MicroBiome\venv_MicroBiome\lib\site-packages\atom\basemodel.py", line 731, in hyperparameter_tuning
2023-02-09 17:51:45,178 - INFO:     self._study.optimize(
2023-02-09 17:51:45,179 - INFO:   File "c:\Users\Romina\Documents\Data Science\1.PROJECTS\2.MicroBiome\venv_MicroBiome\lib\site-packages\optuna\study\study.py", line 425, in optimize
2023-02-09 17:51:45,179 - INFO:     _optimize(
2023-02-09 17:51:45,179 - INFO:   File "c:\Users\Romina\Documents\Data Science\1.PROJECTS\2.MicroBiome\venv_MicroBiome\lib\site-packages\optuna\study\_optimize.py", line 66, in _optimize
2023-02-09 17:51:45,180 - INFO:     _optimize_sequential(
2023-02-09 17:51:45,180 - INFO:   File "c:\Users\Romina\Documents\Data Science\1.PROJECTS\2.MicroBiome\venv_MicroBiome\lib\site-packages\optuna\study\_optimize.py", line 163, in _optimize_sequential
2023-02-09 17:51:45,180 - INFO:     frozen_trial = _run_trial(study, func, catch)
2023-02-09 17:51:45,180 - INFO:   File "c:\Users\Romina\Documents\Data Science\1.PROJECTS\2.MicroBiome\venv_MicroBiome\lib\site-packages\optuna\study\_optimize.py", line 251, in _run_trial
2023-02-09 17:51:45,180 - INFO:     raise func_err
2023-02-09 17:51:45,180 - INFO:   File "c:\Users\Romina\Documents\Data Science\1.PROJECTS\2.MicroBiome\venv_MicroBiome\lib\site-packages\optuna\study\_optimize.py", line 200, in _run_trial
2023-02-09 17:51:45,180 - INFO:     value_or_values = func(trial)
2023-02-09 17:51:45,181 - INFO:   File "c:\Users\Romina\Documents\Data Science\1.PROJECTS\2.MicroBiome\venv_MicroBiome\lib\site-packages\atom\basemodel.py", line 609, in objective
2023-02-09 17:51:45,181 - INFO:     score = fit_model(*next(fold.split(og.X_train, og.y_train)))
2023-02-09 17:51:45,181 - INFO:   File "c:\Users\Romina\Documents\Data Science\1.PROJECTS\2.MicroBiome\venv_MicroBiome\lib\site-packages\sklearn\model_selection\_split.py", line 1622, in split
2023-02-09 17:51:45,181 - INFO:     for train, test in self._iter_indices(X, y, groups):
2023-02-09 17:51:45,181 - INFO:   File "c:\Users\Romina\Documents\Data Science\1.PROJECTS\2.MicroBiome\venv_MicroBiome\lib\site-packages\sklearn\model_selection\_split.py", line 1981, in _iter_indices
2023-02-09 17:51:45,181 - INFO:     raise ValueError(
2023-02-09 17:51:45,181 - INFO: ValueError: The test_size = 22 should be greater or equal to the number of classes = 23
2023-02-09 17:51:45,182 - INFO: 
2023-02-09 17:51:45,182 - INFO: 
2023-02-09 17:51:45,183 - INFO: 
2023-02-09 17:51:45,183 - INFO: AdaBoost.hyperparameter_tuning()
2023-02-09 17:51:45,183 - INFO: Running hyperparameter tuning for AdaBoost...
2023-02-09 17:51:45,189 - INFO: | trial | n_estimators | learning_rate | algorithm | roc_auc | best_roc_auc | time_trial | time_ht |    state |
2023-02-09 17:51:45,190 - INFO: | ----- | ------------ | ------------- | --------- | ------- | ------------ | ---------- | ------- | -------- |
2023-02-09 17:51:45,203 - ERROR: Exception encountered:
Traceback (most recent call last):
  File "c:\Users\Romina\Documents\Data Science\1.PROJECTS\2.MicroBiome\venv_MicroBiome\lib\site-packages\atom\utils.py", line 2531, in wrapper
    return f(*args, **kwargs)
  File "c:\Users\Romina\Documents\Data Science\1.PROJECTS\2.MicroBiome\venv_MicroBiome\lib\site-packages\atom\utils.py", line 2559, in wrapper
    return f(*args, **kwargs)
  File "c:\Users\Romina\Documents\Data Science\1.PROJECTS\2.MicroBiome\venv_MicroBiome\lib\site-packages\typeguard\__init__.py", line 1033, in wrapper
    retval = func(*args, **kwargs)
  File "c:\Users\Romina\Documents\Data Science\1.PROJECTS\2.MicroBiome\venv_MicroBiome\lib\site-packages\atom\basemodel.py", line 731, in hyperparameter_tuning
    self._study.optimize(
  File "c:\Users\Romina\Documents\Data Science\1.PROJECTS\2.MicroBiome\venv_MicroBiome\lib\site-packages\optuna\study\study.py", line 425, in optimize
    _optimize(
  File "c:\Users\Romina\Documents\Data Science\1.PROJECTS\2.MicroBiome\venv_MicroBiome\lib\site-packages\optuna\study\_optimize.py", line 66, in _optimize
    _optimize_sequential(
  File "c:\Users\Romina\Documents\Data Science\1.PROJECTS\2.MicroBiome\venv_MicroBiome\lib\site-packages\optuna\study\_optimize.py", line 163, in _optimize_sequential
    frozen_trial = _run_trial(study, func, catch)
  File "c:\Users\Romina\Documents\Data Science\1.PROJECTS\2.MicroBiome\venv_MicroBiome\lib\site-packages\optuna\study\_optimize.py", line 251, in _run_trial
    raise func_err
  File "c:\Users\Romina\Documents\Data Science\1.PROJECTS\2.MicroBiome\venv_MicroBiome\lib\site-packages\optuna\study\_optimize.py", line 200, in _run_trial
    value_or_values = func(trial)
  File "c:\Users\Romina\Documents\Data Science\1.PROJECTS\2.MicroBiome\venv_MicroBiome\lib\site-packages\atom\basemodel.py", line 609, in objective
    score = fit_model(*next(fold.split(og.X_train, og.y_train)))
  File "c:\Users\Romina\Documents\Data Science\1.PROJECTS\2.MicroBiome\venv_MicroBiome\lib\site-packages\sklearn\model_selection\_split.py", line 1622, in split
    for train, test in self._iter_indices(X, y, groups):
  File "c:\Users\Romina\Documents\Data Science\1.PROJECTS\2.MicroBiome\venv_MicroBiome\lib\site-packages\sklearn\model_selection\_split.py", line 1981, in _iter_indices
    raise ValueError(
ValueError: The test_size = 22 should be greater or equal to the number of classes = 23
2023-02-09 17:51:45,204 - INFO: 
2023-02-09 17:51:45,205 - INFO: Exception encountered while running the AdaB model. Removing model from pipeline. 
2023-02-09 17:51:45,206 - INFO:   File "c:\Users\Romina\Documents\Data Science\1.PROJECTS\2.MicroBiome\venv_MicroBiome\lib\site-packages\atom\basetrainer.py", line 302, in _core_iteration
2023-02-09 17:51:45,206 - INFO:     m.hyperparameter_tuning(self._n_trials[m._group])
2023-02-09 17:51:45,207 - INFO:   File "c:\Users\Romina\Documents\Data Science\1.PROJECTS\2.MicroBiome\venv_MicroBiome\lib\site-packages\atom\utils.py", line 2539, in wrapper
2023-02-09 17:51:45,207 - INFO:     raise ex
2023-02-09 17:51:45,207 - INFO:   File "c:\Users\Romina\Documents\Data Science\1.PROJECTS\2.MicroBiome\venv_MicroBiome\lib\site-packages\atom\utils.py", line 2531, in wrapper
2023-02-09 17:51:45,207 - INFO:     return f(*args, **kwargs)
2023-02-09 17:51:45,207 - INFO:   File "c:\Users\Romina\Documents\Data Science\1.PROJECTS\2.MicroBiome\venv_MicroBiome\lib\site-packages\atom\utils.py", line 2559, in wrapper
2023-02-09 17:51:45,207 - INFO:     return f(*args, **kwargs)
2023-02-09 17:51:45,207 - INFO:   File "c:\Users\Romina\Documents\Data Science\1.PROJECTS\2.MicroBiome\venv_MicroBiome\lib\site-packages\typeguard\__init__.py", line 1033, in wrapper
2023-02-09 17:51:45,207 - INFO:     retval = func(*args, **kwargs)
2023-02-09 17:51:45,207 - INFO:   File "c:\Users\Romina\Documents\Data Science\1.PROJECTS\2.MicroBiome\venv_MicroBiome\lib\site-packages\atom\basemodel.py", line 731, in hyperparameter_tuning
2023-02-09 17:51:45,207 - INFO:     self._study.optimize(
2023-02-09 17:51:45,208 - INFO:   File "c:\Users\Romina\Documents\Data Science\1.PROJECTS\2.MicroBiome\venv_MicroBiome\lib\site-packages\optuna\study\study.py", line 425, in optimize
2023-02-09 17:51:45,208 - INFO:     _optimize(
2023-02-09 17:51:45,208 - INFO:   File "c:\Users\Romina\Documents\Data Science\1.PROJECTS\2.MicroBiome\venv_MicroBiome\lib\site-packages\optuna\study\_optimize.py", line 66, in _optimize
2023-02-09 17:51:45,208 - INFO:     _optimize_sequential(
2023-02-09 17:51:45,209 - INFO:   File "c:\Users\Romina\Documents\Data Science\1.PROJECTS\2.MicroBiome\venv_MicroBiome\lib\site-packages\optuna\study\_optimize.py", line 163, in _optimize_sequential
2023-02-09 17:51:45,209 - INFO:     frozen_trial = _run_trial(study, func, catch)
2023-02-09 17:51:45,209 - INFO:   File "c:\Users\Romina\Documents\Data Science\1.PROJECTS\2.MicroBiome\venv_MicroBiome\lib\site-packages\optuna\study\_optimize.py", line 251, in _run_trial
2023-02-09 17:51:45,209 - INFO:     raise func_err
2023-02-09 17:51:45,209 - INFO:   File "c:\Users\Romina\Documents\Data Science\1.PROJECTS\2.MicroBiome\venv_MicroBiome\lib\site-packages\optuna\study\_optimize.py", line 200, in _run_trial
2023-02-09 17:51:45,209 - INFO:     value_or_values = func(trial)
2023-02-09 17:51:45,209 - INFO:   File "c:\Users\Romina\Documents\Data Science\1.PROJECTS\2.MicroBiome\venv_MicroBiome\lib\site-packages\atom\basemodel.py", line 609, in objective
2023-02-09 17:51:45,210 - INFO:     score = fit_model(*next(fold.split(og.X_train, og.y_train)))
2023-02-09 17:51:45,210 - INFO:   File "c:\Users\Romina\Documents\Data Science\1.PROJECTS\2.MicroBiome\venv_MicroBiome\lib\site-packages\sklearn\model_selection\_split.py", line 1622, in split
2023-02-09 17:51:45,210 - INFO:     for train, test in self._iter_indices(X, y, groups):
2023-02-09 17:51:45,210 - INFO:   File "c:\Users\Romina\Documents\Data Science\1.PROJECTS\2.MicroBiome\venv_MicroBiome\lib\site-packages\sklearn\model_selection\_split.py", line 1981, in _iter_indices
2023-02-09 17:51:45,212 - INFO:     raise ValueError(
2023-02-09 17:51:45,213 - INFO: ValueError: The test_size = 22 should be greater or equal to the number of classes = 23
2023-02-09 17:51:45,213 - ERROR: Exception encountered:
Traceback (most recent call last):
  File "c:\Users\Romina\Documents\Data Science\1.PROJECTS\2.MicroBiome\venv_MicroBiome\lib\site-packages\atom\utils.py", line 2531, in wrapper
    return f(*args, **kwargs)
  File "c:\Users\Romina\Documents\Data Science\1.PROJECTS\2.MicroBiome\venv_MicroBiome\lib\site-packages\atom\utils.py", line 2559, in wrapper
    return f(*args, **kwargs)
  File "c:\Users\Romina\Documents\Data Science\1.PROJECTS\2.MicroBiome\venv_MicroBiome\lib\site-packages\atom\training.py", line 69, in run
    self._core_iteration()
  File "c:\Users\Romina\Documents\Data Science\1.PROJECTS\2.MicroBiome\venv_MicroBiome\lib\site-packages\atom\basetrainer.py", line 337, in _core_iteration
    raise RuntimeError(
RuntimeError: All models failed to run. Use the errors attribute or the logging file to investigate the exceptions.
